<?xml version="1.0" encoding="UTF-8"?>
<testsuite name="wordleGame.model.AppTest" tests="1" skipped="0" failures="0" errors="0" timestamp="2022-12-06T06:04:19" hostname="Annas-MBP" time="0.002">
  <properties/>
  <testcase name="testSecretWordClass" classname="wordleGame.model.AppTest" time="0.002"/>
  <system-out><![CDATA[]]></system-out>
  <system-err><![CDATA[]]></system-err>
</testsuite>
