<?xml version="1.0" encoding="UTF-8"?>
<testsuite name="wordleGame.model.SecretWordTest" tests="12" skipped="0" failures="0" errors="0" timestamp="2022-12-06T06:04:19" hostname="Annas-MBP" time="0.004">
  <properties/>
  <testcase name="testDoubleSinGuess" classname="wordleGame.model.SecretWordTest" time="0.0"/>
  <testcase name="testNoDuplicateLetters1Green1Yellow" classname="wordleGame.model.SecretWordTest" time="0.0"/>
  <testcase name="testTripleRinGuess" classname="wordleGame.model.SecretWordTest" time="0.0"/>
  <testcase name="testDoubleTinGuessGreen" classname="wordleGame.model.SecretWordTest" time="0.0"/>
  <testcase name="testDoubleEinGuess" classname="wordleGame.model.SecretWordTest" time="0.0"/>
  <testcase name="testTripleRGuessDoubleRSecretGreens" classname="wordleGame.model.SecretWordTest" time="0.0"/>
  <testcase name="testNoDuplicateLetters5Green" classname="wordleGame.model.SecretWordTest" time="0.0"/>
  <testcase name="testDoubleMinGuess" classname="wordleGame.model.SecretWordTest" time="0.0"/>
  <testcase name="testTripleRGuessDoubleRSecret" classname="wordleGame.model.SecretWordTest" time="0.0"/>
  <testcase name="testNoDuplicateLetters5Gray" classname="wordleGame.model.SecretWordTest" time="0.001"/>
  <testcase name="checkFourLetters" classname="wordleGame.model.SecretWordTest" time="0.0"/>
  <testcase name="testDoubleTinGuessYellow" classname="wordleGame.model.SecretWordTest" time="0.0"/>
  <system-out><![CDATA[cares
train
cares
hadst
stare
river
train
datum
river
train
eeeem
hadst
]]></system-out>
  <system-err><![CDATA[]]></system-err>
</testsuite>
